{"C:\\Users\\pc\\Documents\\github-workshop\\Farm2Global-backend\\src\\app.ts": {"path":"C:\\Users\\pc\\Documents\\github-workshop\\Farm2Global-backend\\src\\app.ts","statementMap":{"0":{"start":{"line":1,"column":0},"end":{"line":1,"column":43}},"1":{"start":{"line":2,"column":0},"end":{"line":2,"column":37}},"2":{"start":{"line":3,"column":0},"end":{"line":3,"column":24}},"3":{"start":{"line":4,"column":0},"end":{"line":4,"column":28}},"4":{"start":{"line":5,"column":0},"end":{"line":5,"column":60}},"5":{"start":{"line":7,"column":0},"end":{"line":7,"column":45}},"6":{"start":{"line":8,"column":0},"end":{"line":8,"column":45}},"7":{"start":{"line":9,"column":0},"end":{"line":9,"column":47}},"8":{"start":{"line":10,"column":0},"end":{"line":10,"column":16}},"9":{"start":{"line":11,"column":21},"end":{"line":11,"column":30}},"10":{"start":{"line":12,"column":0},"end":{"line":12,"column":16}},"11":{"start":{"line":13,"column":0},"end":{"line":13,"column":27}},"12":{"start":{"line":14,"column":0},"end":{"line":22,"column":5}},"13":{"start":{"line":14,"column":12},"end":{"line":22,"column":2}},"14":{"start":{"line":15,"column":2},"end":{"line":21,"column":3}},"15":{"start":{"line":16,"column":4},"end":{"line":16,"column":45}},"16":{"start":{"line":17,"column":4},"end":{"line":17,"column":53}},"17":{"start":{"line":18,"column":4},"end":{"line":18,"column":55}},"18":{"start":{"line":20,"column":4},"end":{"line":20,"column":23}},"19":{"start":{"line":23,"column":0},"end":{"line":23,"column":29}},"20":{"start":{"line":24,"column":0},"end":{"line":24,"column":30}},"21":{"start":{"line":25,"column":0},"end":{"line":25,"column":32}},"22":{"start":{"line":26,"column":0},"end":{"line":26,"column":19}}},"fnMap":{"0":{"name":"(anonymous_8)","decl":{"start":{"line":14,"column":1},"end":{"line":14,"column":10}},"loc":{"start":{"line":14,"column":12},"end":{"line":22,"column":2}}},"1":{"name":"(anonymous_9)","decl":{"start":{"line":14,"column":12},"end":{"line":14,"column":null}},"loc":{"start":{"line":14,"column":12},"end":{"line":22,"column":1}}}},"branchMap":{},"s":{"0":1,"1":1,"2":1,"3":1,"4":1,"5":1,"6":1,"7":1,"8":1,"9":1,"10":1,"11":1,"12":1,"13":1,"14":1,"15":1,"16":1,"17":1,"18":0,"19":1,"20":1,"21":1,"22":1},"f":{"0":1,"1":1},"b":{}}
,"C:\\Users\\pc\\Documents\\github-workshop\\Farm2Global-backend\\src\\server.ts": {"path":"C:\\Users\\pc\\Documents\\github-workshop\\Farm2Global-backend\\src\\server.ts","statementMap":{"0":{"start":{"line":1,"column":0},"end":{"line":1,"column":24}},"1":{"start":{"line":2,"column":0},"end":{"line":2,"column":24}},"2":{"start":{"line":3,"column":0},"end":{"line":3,"column":43}},"3":{"start":{"line":4,"column":0},"end":{"line":4,"column":36}},"4":{"start":{"line":5,"column":0},"end":{"line":5,"column":35}},"5":{"start":{"line":6,"column":0},"end":{"line":6,"column":37}},"6":{"start":{"line":7,"column":15},"end":{"line":7,"column":37}},"7":{"start":{"line":8,"column":11},"end":{"line":8,"column":29}},"8":{"start":{"line":9,"column":13},"end":{"line":9,"column":29}},"9":{"start":{"line":10,"column":0},"end":{"line":44,"column":3}},"10":{"start":{"line":10,"column":45},"end":{"line":44,"column":2}},"11":{"start":{"line":11,"column":16},"end":{"line":11,"column":38}},"12":{"start":{"line":12,"column":25},"end":{"line":12,"column":34}},"13":{"start":{"line":13,"column":2},"end":{"line":15,"column":5}},"14":{"start":{"line":14,"column":4},"end":{"line":14,"column":56}},"15":{"start":{"line":16,"column":2},"end":{"line":43,"column":4}},"16":{"start":{"line":18,"column":69},"end":{"line":42,"column":null}},"17":{"start":{"line":19,"column":30},"end":{"line":19,"column":79}},"18":{"start":{"line":20,"column":6},"end":{"line":22,"column":39}},"19":{"start":{"line":23,"column":6},"end":{"line":23,"column":67}},"20":{"start":{"line":24,"column":6},"end":{"line":41,"column":7}},"21":{"start":{"line":25,"column":26},"end":{"line":25,"column":45}},"22":{"start":{"line":26,"column":29},"end":{"line":26,"column":42}},"23":{"start":{"line":28,"column":10},"end":{"line":28,"column":63}},"24":{"start":{"line":29,"column":28},"end":{"line":31,"column":null}},"25":{"start":{"line":33,"column":8},"end":{"line":34,"column":68}},"26":{"start":{"line":34,"column":10},"end":{"line":34,"column":68}},"27":{"start":{"line":35,"column":8},"end":{"line":38,"column":11}},"28":{"start":{"line":40,"column":8},"end":{"line":40,"column":27}},"29":{"start":{"line":45,"column":0},"end":{"line":47,"column":3}},"30":{"start":{"line":46,"column":2},"end":{"line":46,"column":43}},"31":{"start":{"line":48,"column":0},"end":{"line":48,"column":23}}},"fnMap":{"0":{"name":"(anonymous_8)","decl":{"start":{"line":10,"column":20},"end":{"line":10,"column":27}},"loc":{"start":{"line":10,"column":45},"end":{"line":44,"column":2}}},"1":{"name":"(anonymous_9)","decl":{"start":{"line":10,"column":45},"end":{"line":10,"column":null}},"loc":{"start":{"line":10,"column":45},"end":{"line":44,"column":1}}},"2":{"name":"(anonymous_10)","decl":{"start":{"line":13,"column":14},"end":{"line":13,"column":15}},"loc":{"start":{"line":13,"column":25},"end":{"line":15,"column":3}}},"3":{"name":"(anonymous_11)","decl":{"start":{"line":18,"column":4},"end":{"line":18,"column":11}},"loc":{"start":{"line":18,"column":69},"end":{"line":42,"column":null}}},"4":{"name":"(anonymous_12)","decl":{"start":{"line":18,"column":69},"end":{"line":18,"column":null}},"loc":{"start":{"line":18,"column":65},"end":{"line":42,"column":5}}},"5":{"name":"(anonymous_13)","decl":{"start":{"line":45,"column":20},"end":{"line":45,"column":23}},"loc":{"start":{"line":45,"column":25},"end":{"line":47,"column":1}}}},"branchMap":{"0":{"loc":{"start":{"line":20,"column":6},"end":{"line":22,"column":38}},"type":"cond-expr","locations":[{"start":{"line":21,"column":11},"end":{"line":21,"column":46}},{"start":{"line":22,"column":10},"end":{"line":22,"column":38}}]},"1":{"loc":{"start":{"line":20,"column":6},"end":{"line":20,"column":34}},"type":"cond-expr","locations":[{"start":{"line":20,"column":21},"end":{"line":20,"column":23}},{"start":{"line":20,"column":6},"end":{"line":20,"column":34}}]},"2":{"loc":{"start":{"line":20,"column":6},"end":{"line":20,"column":23}},"type":"binary-expr","locations":[{"start":{"line":20,"column":6},"end":{"line":20,"column":23}},{"start":{"line":20,"column":6},"end":{"line":20,"column":23}}]},"3":{"loc":{"start":{"line":22,"column":10},"end":{"line":22,"column":38}},"type":"cond-expr","locations":[{"start":{"line":22,"column":25},"end":{"line":22,"column":27}},{"start":{"line":22,"column":10},"end":{"line":22,"column":38}}]},"4":{"loc":{"start":{"line":22,"column":10},"end":{"line":22,"column":27}},"type":"binary-expr","locations":[{"start":{"line":22,"column":10},"end":{"line":22,"column":27}},{"start":{"line":22,"column":10},"end":{"line":22,"column":27}}]},"5":{"loc":{"start":{"line":23,"column":37},"end":{"line":23,"column":65}},"type":"cond-expr","locations":[{"start":{"line":23,"column":52},"end":{"line":23,"column":54}},{"start":{"line":23,"column":37},"end":{"line":23,"column":65}}]},"6":{"loc":{"start":{"line":23,"column":37},"end":{"line":23,"column":54}},"type":"binary-expr","locations":[{"start":{"line":23,"column":37},"end":{"line":23,"column":54}},{"start":{"line":23,"column":37},"end":{"line":23,"column":54}}]},"7":{"loc":{"start":{"line":33,"column":8},"end":{"line":34,"column":68}},"type":"if","locations":[{"start":{"line":33,"column":8},"end":{"line":34,"column":68}}]},"8":{"loc":{"start":{"line":36,"column":25},"end":{"line":36,"column":55}},"type":"cond-expr","locations":[{"start":{"line":36,"column":40},"end":{"line":36,"column":42}},{"start":{"line":36,"column":25},"end":{"line":36,"column":55}}]},"9":{"loc":{"start":{"line":36,"column":25},"end":{"line":36,"column":42}},"type":"binary-expr","locations":[{"start":{"line":36,"column":25},"end":{"line":36,"column":42}},{"start":{"line":36,"column":25},"end":{"line":36,"column":42}}]},"10":{"loc":{"start":{"line":37,"column":20},"end":{"line":37,"column":39}},"type":"cond-expr","locations":[{"start":{"line":37,"column":35},"end":{"line":37,"column":37}},{"start":{"line":37,"column":20},"end":{"line":37,"column":39}}]},"11":{"loc":{"start":{"line":37,"column":20},"end":{"line":37,"column":37}},"type":"binary-expr","locations":[{"start":{"line":37,"column":20},"end":{"line":37,"column":37}},{"start":{"line":37,"column":20},"end":{"line":37,"column":37}}]}},"s":{"0":0,"1":0,"2":0,"3":0,"4":0,"5":0,"6":0,"7":0,"8":0,"9":0,"10":0,"11":0,"12":0,"13":0,"14":0,"15":0,"16":0,"17":0,"18":0,"19":0,"20":0,"21":0,"22":0,"23":0,"24":0,"25":0,"26":0,"27":0,"28":0,"29":0,"30":0,"31":0},"f":{"0":0,"1":0,"2":0,"3":0,"4":0,"5":0},"b":{"0":[0,0],"1":[0,0],"2":[0,0],"3":[0,0],"4":[0,0],"5":[0,0],"6":[0,0],"7":[0],"8":[0,0],"9":[0,0],"10":[0,0],"11":[0,0]}}
,"C:\\Users\\pc\\Documents\\github-workshop\\Farm2Global-backend\\src\\swagger.ts": {"path":"C:\\Users\\pc\\Documents\\github-workshop\\Farm2Global-backend\\src\\swagger.ts","statementMap":{"0":{"start":{"line":1,"column":0},"end":{"line":1,"column":41}},"1":{"start":{"line":2,"column":0},"end":{"line":2,"column":43}},"2":{"start":{"line":4,"column":16},"end":{"line":30,"column":2}},"3":{"start":{"line":31,"column":20},"end":{"line":31,"column":41}},"4":{"start":{"line":33,"column":2},"end":{"line":33,"column":66}},"5":{"start":{"line":35,"column":2},"end":{"line":38,"column":5}},"6":{"start":{"line":36,"column":4},"end":{"line":36,"column":54}},"7":{"start":{"line":37,"column":4},"end":{"line":37,"column":26}},"8":{"start":{"line":40,"column":0},"end":{"line":40,"column":27}}},"fnMap":{"0":{"name":"swaggerDocs","decl":{"start":{"line":32,"column":9},"end":{"line":32,"column":20}},"loc":{"start":{"line":32,"column":59},"end":{"line":39,"column":1}}},"1":{"name":"(anonymous_2)","decl":{"start":{"line":35,"column":24},"end":{"line":35,"column":25}},"loc":{"start":{"line":35,"column":56},"end":{"line":38,"column":3}}}},"branchMap":{},"s":{"0":0,"1":0,"2":0,"3":0,"4":0,"5":0,"6":0,"7":0,"8":0},"f":{"0":0,"1":0},"b":{}}
,"C:\\Users\\pc\\Documents\\github-workshop\\Farm2Global-backend\\src\\config\\Dbconnection.ts": {"path":"C:\\Users\\pc\\Documents\\github-workshop\\Farm2Global-backend\\src\\config\\Dbconnection.ts","statementMap":{"0":{"start":{"line":1,"column":0},"end":{"line":1,"column":38}},"1":{"start":{"line":2,"column":13},"end":{"line":10,"column":3}}},"fnMap":{},"branchMap":{},"s":{"0":3,"1":3},"f":{},"b":{}}
,"C:\\Users\\pc\\Documents\\github-workshop\\Farm2Global-backend\\src\\controllers\\authControlller.ts": {"path":"C:\\Users\\pc\\Documents\\github-workshop\\Farm2Global-backend\\src\\controllers\\authControlller.ts","statementMap":{"0":{"start":{"line":2,"column":0},"end":{"line":2,"column":31}},"1":{"start":{"line":3,"column":0},"end":{"line":3,"column":38}},"2":{"start":{"line":4,"column":0},"end":{"line":4,"column":36}},"3":{"start":{"line":5,"column":0},"end":{"line":5,"column":28}},"4":{"start":{"line":6,"column":15},"end":{"line":6,"column":27}},"5":{"start":{"line":8,"column":20},"end":{"line":10,"column":1}},"6":{"start":{"line":9,"column":2},"end":{"line":9,"column":78}},"7":{"start":{"line":55,"column":21},"end":{"line":114,"column":2}},"8":{"start":{"line":55,"column":59},"end":{"line":114,"column":2}},"9":{"start":{"line":56,"column":38},"end":{"line":56,"column":46}},"10":{"start":{"line":57,"column":2},"end":{"line":113,"column":3}},"11":{"start":{"line":58,"column":4},"end":{"line":80,"column":5}},"12":{"start":{"line":59,"column":20},"end":{"line":59,"column":63}},"13":{"start":{"line":60,"column":6},"end":{"line":77,"column":7}},"14":{"start":{"line":61,"column":24},"end":{"line":61,"column":70}},"15":{"start":{"line":62,"column":8},"end":{"line":74,"column":9}},"16":{"start":{"line":63,"column":10},"end":{"line":71,"column":13}},"17":{"start":{"line":73,"column":10},"end":{"line":73,"column":73}},"18":{"start":{"line":76,"column":8},"end":{"line":76,"column":75}},"19":{"start":{"line":79,"column":6},"end":{"line":79,"column":25}},"20":{"start":{"line":81,"column":9},"end":{"line":113,"column":3}},"21":{"start":{"line":82,"column":4},"end":{"line":108,"column":5}},"22":{"start":{"line":83,"column":21},"end":{"line":83,"column":65}},"23":{"start":{"line":84,"column":6},"end":{"line":105,"column":7}},"24":{"start":{"line":85,"column":24},"end":{"line":85,"column":71}},"25":{"start":{"line":86,"column":8},"end":{"line":102,"column":9}},"26":{"start":{"line":87,"column":24},"end":{"line":87,"column":46}},"27":{"start":{"line":88,"column":10},"end":{"line":88,"column":62}},"28":{"start":{"line":89,"column":10},"end":{"line":99,"column":13}},"29":{"start":{"line":101,"column":10},"end":{"line":101,"column":74}},"30":{"start":{"line":104,"column":8},"end":{"line":104,"column":76}},"31":{"start":{"line":107,"column":6},"end":{"line":107,"column":25}},"32":{"start":{"line":110,"column":4},"end":{"line":112,"column":7}},"33":{"start":{"line":55,"column":13},"end":{"line":55,"column":21}},"34":{"start":{"line":158,"column":22},"end":{"line":215,"column":2}},"35":{"start":{"line":158,"column":60},"end":{"line":215,"column":2}},"36":{"start":{"line":160,"column":4},"end":{"line":160,"column":12}},"37":{"start":{"line":161,"column":2},"end":{"line":214,"column":3}},"38":{"start":{"line":162,"column":4},"end":{"line":183,"column":5}},"39":{"start":{"line":163,"column":20},"end":{"line":168,"column":8}},"40":{"start":{"line":169,"column":22},"end":{"line":169,"column":53}},"41":{"start":{"line":170,"column":20},"end":{"line":170,"column":40}},"42":{"start":{"line":171,"column":6},"end":{"line":171,"column":58}},"43":{"start":{"line":172,"column":6},"end":{"line":180,"column":9}},"44":{"start":{"line":182,"column":6},"end":{"line":182,"column":25}},"45":{"start":{"line":184,"column":9},"end":{"line":214,"column":3}},"46":{"start":{"line":185,"column":4},"end":{"line":209,"column":5}},"47":{"start":{"line":186,"column":21},"end":{"line":193,"column":8}},"48":{"start":{"line":194,"column":20},"end":{"line":194,"column":42}},"49":{"start":{"line":195,"column":6},"end":{"line":195,"column":58}},"50":{"start":{"line":196,"column":6},"end":{"line":206,"column":9}},"51":{"start":{"line":208,"column":6},"end":{"line":208,"column":25}},"52":{"start":{"line":211,"column":4},"end":{"line":213,"column":7}},"53":{"start":{"line":158,"column":13},"end":{"line":158,"column":22}}},"fnMap":{"0":{"name":"(anonymous_8)","decl":{"start":{"line":8,"column":20},"end":{"line":8,"column":21}},"loc":{"start":{"line":8,"column":43},"end":{"line":10,"column":1}}},"1":{"name":"(anonymous_9)","decl":{"start":{"line":55,"column":21},"end":{"line":55,"column":28}},"loc":{"start":{"line":55,"column":59},"end":{"line":114,"column":2}}},"2":{"name":"(anonymous_10)","decl":{"start":{"line":55,"column":59},"end":{"line":55,"column":null}},"loc":{"start":{"line":55,"column":59},"end":{"line":114,"column":1}}},"3":{"name":"(anonymous_11)","decl":{"start":{"line":158,"column":22},"end":{"line":158,"column":29}},"loc":{"start":{"line":158,"column":60},"end":{"line":215,"column":2}}},"4":{"name":"(anonymous_12)","decl":{"start":{"line":158,"column":60},"end":{"line":158,"column":null}},"loc":{"start":{"line":158,"column":60},"end":{"line":215,"column":1}}}},"branchMap":{"0":{"loc":{"start":{"line":57,"column":2},"end":{"line":113,"column":3}},"type":"if","locations":[{"start":{"line":57,"column":2},"end":{"line":113,"column":3}},{"start":{"line":81,"column":9},"end":{"line":113,"column":3}}]},"1":{"loc":{"start":{"line":60,"column":6},"end":{"line":77,"column":7}},"type":"if","locations":[{"start":{"line":60,"column":6},"end":{"line":77,"column":7}},{"start":{"line":75,"column":13},"end":{"line":77,"column":7}}]},"2":{"loc":{"start":{"line":62,"column":8},"end":{"line":74,"column":9}},"type":"if","locations":[{"start":{"line":62,"column":8},"end":{"line":74,"column":9}},{"start":{"line":72,"column":15},"end":{"line":74,"column":9}}]},"3":{"loc":{"start":{"line":81,"column":9},"end":{"line":113,"column":3}},"type":"if","locations":[{"start":{"line":81,"column":9},"end":{"line":113,"column":3}},{"start":{"line":109,"column":9},"end":{"line":113,"column":3}}]},"4":{"loc":{"start":{"line":84,"column":6},"end":{"line":105,"column":7}},"type":"if","locations":[{"start":{"line":84,"column":6},"end":{"line":105,"column":7}},{"start":{"line":103,"column":13},"end":{"line":105,"column":7}}]},"5":{"loc":{"start":{"line":86,"column":8},"end":{"line":102,"column":9}},"type":"if","locations":[{"start":{"line":86,"column":8},"end":{"line":102,"column":9}},{"start":{"line":100,"column":15},"end":{"line":102,"column":9}}]},"6":{"loc":{"start":{"line":161,"column":2},"end":{"line":214,"column":3}},"type":"if","locations":[{"start":{"line":161,"column":2},"end":{"line":214,"column":3}},{"start":{"line":184,"column":9},"end":{"line":214,"column":3}}]},"7":{"loc":{"start":{"line":184,"column":9},"end":{"line":214,"column":3}},"type":"if","locations":[{"start":{"line":184,"column":9},"end":{"line":214,"column":3}},{"start":{"line":210,"column":9},"end":{"line":214,"column":3}}]}},"s":{"0":1,"1":1,"2":1,"3":1,"4":1,"5":1,"6":0,"7":1,"8":0,"9":0,"10":0,"11":0,"12":0,"13":0,"14":0,"15":0,"16":0,"17":0,"18":0,"19":0,"20":0,"21":0,"22":0,"23":0,"24":0,"25":0,"26":0,"27":0,"28":0,"29":0,"30":0,"31":0,"32":0,"33":1,"34":1,"35":0,"36":0,"37":0,"38":0,"39":0,"40":0,"41":0,"42":0,"43":0,"44":0,"45":0,"46":0,"47":0,"48":0,"49":0,"50":0,"51":0,"52":0,"53":1},"f":{"0":0,"1":0,"2":0,"3":0,"4":0},"b":{"0":[0,0],"1":[0,0],"2":[0,0],"3":[0,0],"4":[0,0],"5":[0,0],"6":[0,0],"7":[0,0]}}
,"C:\\Users\\pc\\Documents\\github-workshop\\Farm2Global-backend\\src\\controllers\\cropController.ts": {"path":"C:\\Users\\pc\\Documents\\github-workshop\\Farm2Global-backend\\src\\controllers\\cropController.ts","statementMap":{"0":{"start":{"line":2,"column":0},"end":{"line":2,"column":34}},"1":{"start":{"line":22,"column":27},"end":{"line":32,"column":2}},"2":{"start":{"line":22,"column":65},"end":{"line":32,"column":2}},"3":{"start":{"line":23,"column":23},"end":{"line":23,"column":31}},"4":{"start":{"line":24,"column":2},"end":{"line":31,"column":3}},"5":{"start":{"line":25,"column":18},"end":{"line":27,"column":6}},"6":{"start":{"line":28,"column":4},"end":{"line":28,"column":32}},"7":{"start":{"line":30,"column":4},"end":{"line":30,"column":70}},"8":{"start":{"line":22,"column":13},"end":{"line":22,"column":27}},"9":{"start":{"line":60,"column":27},"end":{"line":73,"column":2}},"10":{"start":{"line":60,"column":65},"end":{"line":73,"column":2}},"11":{"start":{"line":61,"column":27},"end":{"line":61,"column":37}},"12":{"start":{"line":62,"column":2},"end":{"line":72,"column":3}},"13":{"start":{"line":63,"column":17},"end":{"line":65,"column":6}},"14":{"start":{"line":66,"column":4},"end":{"line":68,"column":5}},"15":{"start":{"line":67,"column":6},"end":{"line":67,"column":58}},"16":{"start":{"line":69,"column":4},"end":{"line":69,"column":31}},"17":{"start":{"line":71,"column":4},"end":{"line":71,"column":73}},"18":{"start":{"line":60,"column":13},"end":{"line":60,"column":27}},"19":{"start":{"line":97,"column":23},"end":{"line":112,"column":2}},"20":{"start":{"line":97,"column":61},"end":{"line":112,"column":2}},"21":{"start":{"line":99,"column":4},"end":{"line":99,"column":12}},"22":{"start":{"line":100,"column":2},"end":{"line":111,"column":3}},"23":{"start":{"line":101,"column":20},"end":{"line":107,"column":6}},"24":{"start":{"line":108,"column":4},"end":{"line":108,"column":34}},"25":{"start":{"line":110,"column":4},"end":{"line":110,"column":71}},"26":{"start":{"line":97,"column":13},"end":{"line":97,"column":23}},"27":{"start":{"line":141,"column":26},"end":{"line":166,"column":2}},"28":{"start":{"line":144,"column":19},"end":{"line":166,"column":2}},"29":{"start":{"line":145,"column":17},"end":{"line":145,"column":27}},"30":{"start":{"line":147,"column":4},"end":{"line":147,"column":12}},"31":{"start":{"line":148,"column":2},"end":{"line":165,"column":3}},"32":{"start":{"line":149,"column":17},"end":{"line":149,"column":75}},"33":{"start":{"line":150,"column":4},"end":{"line":153,"column":5}},"34":{"start":{"line":151,"column":6},"end":{"line":151,"column":58}},"35":{"start":{"line":152,"column":6},"end":{"line":152,"column":13}},"36":{"start":{"line":155,"column":4},"end":{"line":160,"column":7}},"37":{"start":{"line":162,"column":4},"end":{"line":162,"column":73}},"38":{"start":{"line":164,"column":4},"end":{"line":164,"column":74}},"39":{"start":{"line":141,"column":13},"end":{"line":141,"column":26}},"40":{"start":{"line":190,"column":30},"end":{"line":207,"column":2}},"41":{"start":{"line":193,"column":19},"end":{"line":207,"column":2}},"42":{"start":{"line":194,"column":17},"end":{"line":194,"column":27}},"43":{"start":{"line":195,"column":2},"end":{"line":206,"column":3}},"44":{"start":{"line":196,"column":17},"end":{"line":196,"column":40}},"45":{"start":{"line":197,"column":4},"end":{"line":200,"column":5}},"46":{"start":{"line":198,"column":6},"end":{"line":198,"column":58}},"47":{"start":{"line":199,"column":6},"end":{"line":199,"column":13}},"48":{"start":{"line":202,"column":4},"end":{"line":202,"column":25}},"49":{"start":{"line":203,"column":4},"end":{"line":203,"column":67}},"50":{"start":{"line":205,"column":4},"end":{"line":205,"column":74}},"51":{"start":{"line":190,"column":13},"end":{"line":190,"column":30}},"52":{"start":{"line":241,"column":30},"end":{"line":269,"column":2}},"53":{"start":{"line":241,"column":68},"end":{"line":269,"column":2}},"54":{"start":{"line":242,"column":28},"end":{"line":242,"column":36}},"55":{"start":{"line":243,"column":2},"end":{"line":247,"column":3}},"56":{"start":{"line":244,"column":4},"end":{"line":246,"column":69}},"57":{"start":{"line":249,"column":2},"end":{"line":268,"column":3}},"58":{"start":{"line":250,"column":25},"end":{"line":255,"column":6}},"59":{"start":{"line":257,"column":4},"end":{"line":261,"column":5}},"60":{"start":{"line":258,"column":6},"end":{"line":260,"column":68}},"61":{"start":{"line":263,"column":4},"end":{"line":265,"column":72}},"62":{"start":{"line":267,"column":4},"end":{"line":267,"column":71}},"63":{"start":{"line":241,"column":13},"end":{"line":241,"column":30}}},"fnMap":{"0":{"name":"(anonymous_8)","decl":{"start":{"line":22,"column":27},"end":{"line":22,"column":34}},"loc":{"start":{"line":22,"column":65},"end":{"line":32,"column":2}}},"1":{"name":"(anonymous_9)","decl":{"start":{"line":22,"column":65},"end":{"line":22,"column":null}},"loc":{"start":{"line":22,"column":65},"end":{"line":32,"column":1}}},"2":{"name":"(anonymous_10)","decl":{"start":{"line":60,"column":27},"end":{"line":60,"column":34}},"loc":{"start":{"line":60,"column":65},"end":{"line":73,"column":2}}},"3":{"name":"(anonymous_11)","decl":{"start":{"line":60,"column":65},"end":{"line":60,"column":null}},"loc":{"start":{"line":60,"column":65},"end":{"line":73,"column":1}}},"4":{"name":"(anonymous_12)","decl":{"start":{"line":97,"column":23},"end":{"line":97,"column":30}},"loc":{"start":{"line":97,"column":61},"end":{"line":112,"column":2}}},"5":{"name":"(anonymous_13)","decl":{"start":{"line":97,"column":61},"end":{"line":97,"column":null}},"loc":{"start":{"line":97,"column":61},"end":{"line":112,"column":1}}},"6":{"name":"(anonymous_14)","decl":{"start":{"line":141,"column":26},"end":{"line":141,"column":null}},"loc":{"start":{"line":144,"column":19},"end":{"line":166,"column":2}}},"7":{"name":"(anonymous_15)","decl":{"start":{"line":144,"column":19},"end":{"line":144,"column":null}},"loc":{"start":{"line":144,"column":19},"end":{"line":166,"column":1}}},"8":{"name":"(anonymous_16)","decl":{"start":{"line":190,"column":30},"end":{"line":190,"column":null}},"loc":{"start":{"line":193,"column":19},"end":{"line":207,"column":2}}},"9":{"name":"(anonymous_17)","decl":{"start":{"line":193,"column":19},"end":{"line":193,"column":null}},"loc":{"start":{"line":193,"column":19},"end":{"line":207,"column":1}}},"10":{"name":"(anonymous_18)","decl":{"start":{"line":241,"column":30},"end":{"line":241,"column":37}},"loc":{"start":{"line":241,"column":68},"end":{"line":269,"column":2}}},"11":{"name":"(anonymous_19)","decl":{"start":{"line":241,"column":68},"end":{"line":241,"column":null}},"loc":{"start":{"line":241,"column":68},"end":{"line":269,"column":1}}}},"branchMap":{"0":{"loc":{"start":{"line":66,"column":4},"end":{"line":68,"column":5}},"type":"if","locations":[{"start":{"line":66,"column":4},"end":{"line":68,"column":5}}]},"1":{"loc":{"start":{"line":150,"column":4},"end":{"line":153,"column":5}},"type":"if","locations":[{"start":{"line":150,"column":4},"end":{"line":153,"column":5}}]},"2":{"loc":{"start":{"line":197,"column":4},"end":{"line":200,"column":5}},"type":"if","locations":[{"start":{"line":197,"column":4},"end":{"line":200,"column":5}}]},"3":{"loc":{"start":{"line":243,"column":2},"end":{"line":247,"column":3}},"type":"if","locations":[{"start":{"line":243,"column":2},"end":{"line":247,"column":3}}]},"4":{"loc":{"start":{"line":243,"column":6},"end":{"line":243,"column":45}},"type":"binary-expr","locations":[{"start":{"line":243,"column":6},"end":{"line":243,"column":25}},{"start":{"line":243,"column":29},"end":{"line":243,"column":45}}]},"5":{"loc":{"start":{"line":257,"column":4},"end":{"line":261,"column":5}},"type":"if","locations":[{"start":{"line":257,"column":4},"end":{"line":261,"column":5}}]}},"s":{"0":1,"1":1,"2":0,"3":0,"4":0,"5":0,"6":0,"7":0,"8":1,"9":1,"10":0,"11":0,"12":0,"13":0,"14":0,"15":0,"16":0,"17":0,"18":1,"19":1,"20":0,"21":0,"22":0,"23":0,"24":0,"25":0,"26":1,"27":1,"28":0,"29":0,"30":0,"31":0,"32":0,"33":0,"34":0,"35":0,"36":0,"37":0,"38":0,"39":1,"40":1,"41":0,"42":0,"43":0,"44":0,"45":0,"46":0,"47":0,"48":0,"49":0,"50":0,"51":1,"52":1,"53":0,"54":0,"55":0,"56":0,"57":0,"58":0,"59":0,"60":0,"61":0,"62":0,"63":1},"f":{"0":0,"1":0,"2":0,"3":0,"4":0,"5":0,"6":0,"7":0,"8":0,"9":0,"10":0,"11":0},"b":{"0":[0],"1":[0],"2":[0],"3":[0],"4":[0,0],"5":[0]}}
,"C:\\Users\\pc\\Documents\\github-workshop\\Farm2Global-backend\\src\\controllers\\orderController.ts": {"path":"C:\\Users\\pc\\Documents\\github-workshop\\Farm2Global-backend\\src\\controllers\\orderController.ts","statementMap":{"0":{"start":{"line":2,"column":0},"end":{"line":2,"column":36}},"1":{"start":{"line":4,"column":27},"end":{"line":11,"column":2}},"2":{"start":{"line":4,"column":65},"end":{"line":11,"column":2}},"3":{"start":{"line":5,"column":2},"end":{"line":10,"column":3}},"4":{"start":{"line":6,"column":19},"end":{"line":6,"column":40}},"5":{"start":{"line":7,"column":4},"end":{"line":7,"column":33}},"6":{"start":{"line":9,"column":4},"end":{"line":9,"column":71}},"7":{"start":{"line":4,"column":13},"end":{"line":4,"column":27}},"8":{"start":{"line":12,"column":28},"end":{"line":23,"column":2}},"9":{"start":{"line":12,"column":66},"end":{"line":23,"column":2}},"10":{"start":{"line":13,"column":17},"end":{"line":13,"column":27}},"11":{"start":{"line":14,"column":2},"end":{"line":22,"column":3}},"12":{"start":{"line":15,"column":18},"end":{"line":15,"column":42}},"13":{"start":{"line":16,"column":4},"end":{"line":18,"column":5}},"14":{"start":{"line":17,"column":6},"end":{"line":17,"column":59}},"15":{"start":{"line":19,"column":4},"end":{"line":19,"column":32}},"16":{"start":{"line":21,"column":4},"end":{"line":21,"column":74}},"17":{"start":{"line":12,"column":13},"end":{"line":12,"column":28}},"18":{"start":{"line":81,"column":24},"end":{"line":94,"column":2}},"19":{"start":{"line":81,"column":62},"end":{"line":94,"column":2}},"20":{"start":{"line":82,"column":61},"end":{"line":82,"column":69}},"21":{"start":{"line":83,"column":2},"end":{"line":93,"column":3}},"22":{"start":{"line":84,"column":21},"end":{"line":89,"column":6}},"23":{"start":{"line":90,"column":4},"end":{"line":90,"column":35}},"24":{"start":{"line":92,"column":4},"end":{"line":92,"column":72}},"25":{"start":{"line":81,"column":13},"end":{"line":81,"column":24}},"26":{"start":{"line":96,"column":27},"end":{"line":120,"column":2}},"27":{"start":{"line":99,"column":19},"end":{"line":120,"column":2}},"28":{"start":{"line":100,"column":17},"end":{"line":100,"column":27}},"29":{"start":{"line":101,"column":61},"end":{"line":101,"column":69}},"30":{"start":{"line":102,"column":2},"end":{"line":119,"column":3}},"31":{"start":{"line":103,"column":18},"end":{"line":103,"column":42}},"32":{"start":{"line":104,"column":4},"end":{"line":107,"column":5}},"33":{"start":{"line":105,"column":6},"end":{"line":105,"column":59}},"34":{"start":{"line":106,"column":6},"end":{"line":106,"column":13}},"35":{"start":{"line":109,"column":4},"end":{"line":114,"column":7}},"36":{"start":{"line":116,"column":4},"end":{"line":116,"column":75}},"37":{"start":{"line":118,"column":4},"end":{"line":118,"column":75}},"38":{"start":{"line":96,"column":13},"end":{"line":96,"column":27}},"39":{"start":{"line":170,"column":31},"end":{"line":187,"column":2}},"40":{"start":{"line":173,"column":19},"end":{"line":187,"column":2}},"41":{"start":{"line":174,"column":17},"end":{"line":174,"column":27}},"42":{"start":{"line":175,"column":2},"end":{"line":186,"column":3}},"43":{"start":{"line":176,"column":18},"end":{"line":176,"column":42}},"44":{"start":{"line":177,"column":4},"end":{"line":180,"column":5}},"45":{"start":{"line":178,"column":6},"end":{"line":178,"column":59}},"46":{"start":{"line":179,"column":6},"end":{"line":179,"column":13}},"47":{"start":{"line":182,"column":4},"end":{"line":182,"column":26}},"48":{"start":{"line":183,"column":4},"end":{"line":183,"column":68}},"49":{"start":{"line":185,"column":4},"end":{"line":185,"column":75}},"50":{"start":{"line":170,"column":13},"end":{"line":170,"column":31}},"51":{"start":{"line":189,"column":30},"end":{"line":216,"column":2}},"52":{"start":{"line":189,"column":68},"end":{"line":216,"column":2}},"53":{"start":{"line":190,"column":18},"end":{"line":190,"column":26}},"54":{"start":{"line":191,"column":2},"end":{"line":195,"column":3}},"55":{"start":{"line":192,"column":4},"end":{"line":194,"column":70}},"56":{"start":{"line":197,"column":2},"end":{"line":215,"column":3}},"57":{"start":{"line":198,"column":25},"end":{"line":202,"column":6}},"58":{"start":{"line":204,"column":4},"end":{"line":208,"column":5}},"59":{"start":{"line":205,"column":6},"end":{"line":207,"column":69}},"60":{"start":{"line":210,"column":4},"end":{"line":212,"column":73}},"61":{"start":{"line":214,"column":4},"end":{"line":214,"column":72}},"62":{"start":{"line":189,"column":13},"end":{"line":189,"column":30}}},"fnMap":{"0":{"name":"(anonymous_8)","decl":{"start":{"line":4,"column":27},"end":{"line":4,"column":34}},"loc":{"start":{"line":4,"column":65},"end":{"line":11,"column":2}}},"1":{"name":"(anonymous_9)","decl":{"start":{"line":4,"column":65},"end":{"line":4,"column":null}},"loc":{"start":{"line":4,"column":65},"end":{"line":11,"column":1}}},"2":{"name":"(anonymous_10)","decl":{"start":{"line":12,"column":28},"end":{"line":12,"column":35}},"loc":{"start":{"line":12,"column":66},"end":{"line":23,"column":2}}},"3":{"name":"(anonymous_11)","decl":{"start":{"line":12,"column":66},"end":{"line":12,"column":null}},"loc":{"start":{"line":12,"column":66},"end":{"line":23,"column":1}}},"4":{"name":"(anonymous_12)","decl":{"start":{"line":81,"column":24},"end":{"line":81,"column":31}},"loc":{"start":{"line":81,"column":62},"end":{"line":94,"column":2}}},"5":{"name":"(anonymous_13)","decl":{"start":{"line":81,"column":62},"end":{"line":81,"column":null}},"loc":{"start":{"line":81,"column":62},"end":{"line":94,"column":1}}},"6":{"name":"(anonymous_14)","decl":{"start":{"line":96,"column":27},"end":{"line":96,"column":null}},"loc":{"start":{"line":99,"column":19},"end":{"line":120,"column":2}}},"7":{"name":"(anonymous_15)","decl":{"start":{"line":99,"column":19},"end":{"line":99,"column":null}},"loc":{"start":{"line":99,"column":19},"end":{"line":120,"column":1}}},"8":{"name":"(anonymous_16)","decl":{"start":{"line":170,"column":31},"end":{"line":170,"column":null}},"loc":{"start":{"line":173,"column":19},"end":{"line":187,"column":2}}},"9":{"name":"(anonymous_17)","decl":{"start":{"line":173,"column":19},"end":{"line":173,"column":null}},"loc":{"start":{"line":173,"column":19},"end":{"line":187,"column":1}}},"10":{"name":"(anonymous_18)","decl":{"start":{"line":189,"column":30},"end":{"line":189,"column":37}},"loc":{"start":{"line":189,"column":68},"end":{"line":216,"column":2}}},"11":{"name":"(anonymous_19)","decl":{"start":{"line":189,"column":68},"end":{"line":189,"column":null}},"loc":{"start":{"line":189,"column":68},"end":{"line":216,"column":1}}}},"branchMap":{"0":{"loc":{"start":{"line":16,"column":4},"end":{"line":18,"column":5}},"type":"if","locations":[{"start":{"line":16,"column":4},"end":{"line":18,"column":5}}]},"1":{"loc":{"start":{"line":104,"column":4},"end":{"line":107,"column":5}},"type":"if","locations":[{"start":{"line":104,"column":4},"end":{"line":107,"column":5}}]},"2":{"loc":{"start":{"line":177,"column":4},"end":{"line":180,"column":5}},"type":"if","locations":[{"start":{"line":177,"column":4},"end":{"line":180,"column":5}}]},"3":{"loc":{"start":{"line":191,"column":2},"end":{"line":195,"column":3}},"type":"if","locations":[{"start":{"line":191,"column":2},"end":{"line":195,"column":3}}]},"4":{"loc":{"start":{"line":191,"column":6},"end":{"line":191,"column":45}},"type":"binary-expr","locations":[{"start":{"line":191,"column":6},"end":{"line":191,"column":25}},{"start":{"line":191,"column":29},"end":{"line":191,"column":45}}]},"5":{"loc":{"start":{"line":204,"column":4},"end":{"line":208,"column":5}},"type":"if","locations":[{"start":{"line":204,"column":4},"end":{"line":208,"column":5}}]}},"s":{"0":1,"1":1,"2":0,"3":0,"4":0,"5":0,"6":0,"7":1,"8":1,"9":0,"10":0,"11":0,"12":0,"13":0,"14":0,"15":0,"16":0,"17":1,"18":1,"19":0,"20":0,"21":0,"22":0,"23":0,"24":0,"25":1,"26":1,"27":0,"28":0,"29":0,"30":0,"31":0,"32":0,"33":0,"34":0,"35":0,"36":0,"37":0,"38":1,"39":1,"40":0,"41":0,"42":0,"43":0,"44":0,"45":0,"46":0,"47":0,"48":0,"49":0,"50":1,"51":1,"52":0,"53":0,"54":0,"55":0,"56":0,"57":0,"58":0,"59":0,"60":0,"61":0,"62":1},"f":{"0":0,"1":0,"2":0,"3":0,"4":0,"5":0,"6":0,"7":0,"8":0,"9":0,"10":0,"11":0},"b":{"0":[0],"1":[0],"2":[0],"3":[0],"4":[0,0],"5":[0]}}
,"C:\\Users\\pc\\Documents\\github-workshop\\Farm2Global-backend\\src\\models\\buyer.ts": {"path":"C:\\Users\\pc\\Documents\\github-workshop\\Farm2Global-backend\\src\\models\\buyer.ts","statementMap":{"0":{"start":{"line":1,"column":0},"end":{"line":1,"column":34}},"1":{"start":{"line":2,"column":0},"end":{"line":2,"column":61}},"2":{"start":{"line":4,"column":33},"end":{"line":4,"column":53}},"3":{"start":{"line":5,"column":0},"end":{"line":5,"column":28}},"4":{"start":{"line":14,"column":14},"end":{"line":43,"column":null}},"5":{"start":{"line":32,"column":43},"end":{"line":35,"column":null}},"6":{"start":{"line":33,"column":21},"end":{"line":33,"column":45}},"7":{"start":{"line":34,"column":8},"end":{"line":34,"column":63}},"8":{"start":{"line":36,"column":45},"end":{"line":41,"column":null}},"9":{"start":{"line":37,"column":8},"end":{"line":40,"column":9}},"10":{"start":{"line":38,"column":23},"end":{"line":38,"column":47}},"11":{"start":{"line":39,"column":10},"end":{"line":39,"column":65}},"12":{"start":{"line":46,"column":0},"end":{"line":59,"column":3}},"13":{"start":{"line":46,"column":35},"end":{"line":59,"column":2}},"14":{"start":{"line":47,"column":20},"end":{"line":49,"column":4}},"15":{"start":{"line":51,"column":20},"end":{"line":51,"column":21}},"16":{"start":{"line":52,"column":2},"end":{"line":56,"column":3}},"17":{"start":{"line":53,"column":19},"end":{"line":53,"column":31}},"18":{"start":{"line":54,"column":23},"end":{"line":54,"column":52}},"19":{"start":{"line":55,"column":4},"end":{"line":55,"column":33}},"20":{"start":{"line":58,"column":2},"end":{"line":58,"column":56}},"21":{"start":{"line":61,"column":0},"end":{"line":61,"column":21}}},"fnMap":{"0":{"name":"(anonymous_8)","decl":{"start":{"line":32,"column":18},"end":{"line":32,"column":25}},"loc":{"start":{"line":32,"column":43},"end":{"line":35,"column":null}}},"1":{"name":"(anonymous_9)","decl":{"start":{"line":32,"column":43},"end":{"line":32,"column":null}},"loc":{"start":{"line":32,"column":43},"end":{"line":35,"column":7}}},"2":{"name":"(anonymous_10)","decl":{"start":{"line":36,"column":20},"end":{"line":36,"column":27}},"loc":{"start":{"line":36,"column":45},"end":{"line":41,"column":null}}},"3":{"name":"(anonymous_11)","decl":{"start":{"line":36,"column":45},"end":{"line":36,"column":null}},"loc":{"start":{"line":36,"column":45},"end":{"line":41,"column":7}}},"4":{"name":"(anonymous_12)","decl":{"start":{"line":46,"column":19},"end":{"line":46,"column":26}},"loc":{"start":{"line":46,"column":35},"end":{"line":59,"column":2}}},"5":{"name":"(anonymous_13)","decl":{"start":{"line":46,"column":35},"end":{"line":46,"column":null}},"loc":{"start":{"line":46,"column":35},"end":{"line":59,"column":1}}}},"branchMap":{"0":{"loc":{"start":{"line":37,"column":8},"end":{"line":40,"column":9}},"type":"if","locations":[{"start":{"line":37,"column":8},"end":{"line":40,"column":9}}]},"1":{"loc":{"start":{"line":52,"column":2},"end":{"line":56,"column":3}},"type":"if","locations":[{"start":{"line":52,"column":2},"end":{"line":56,"column":3}}]}},"s":{"0":1,"1":1,"2":1,"3":1,"4":1,"5":0,"6":0,"7":0,"8":0,"9":0,"10":0,"11":0,"12":1,"13":0,"14":0,"15":0,"16":0,"17":0,"18":0,"19":0,"20":0,"21":1},"f":{"0":0,"1":0,"2":0,"3":0,"4":0,"5":0},"b":{"0":[0],"1":[0]}}
,"C:\\Users\\pc\\Documents\\github-workshop\\Farm2Global-backend\\src\\models\\crop.ts": {"path":"C:\\Users\\pc\\Documents\\github-workshop\\Farm2Global-backend\\src\\models\\crop.ts","statementMap":{"0":{"start":{"line":1,"column":0},"end":{"line":1,"column":34}},"1":{"start":{"line":2,"column":0},"end":{"line":2,"column":61}},"2":{"start":{"line":4,"column":33},"end":{"line":4,"column":53}},"3":{"start":{"line":14,"column":13},"end":{"line":30,"column":null}},"4":{"start":{"line":32,"column":0},"end":{"line":32,"column":20}}},"fnMap":{},"branchMap":{},"s":{"0":1,"1":1,"2":1,"3":1,"4":1},"f":{},"b":{}}
,"C:\\Users\\pc\\Documents\\github-workshop\\Farm2Global-backend\\src\\models\\farmer.ts": {"path":"C:\\Users\\pc\\Documents\\github-workshop\\Farm2Global-backend\\src\\models\\farmer.ts","statementMap":{"0":{"start":{"line":1,"column":22},"end":{"line":1,"column":42}},"1":{"start":{"line":2,"column":0},"end":{"line":2,"column":34}},"2":{"start":{"line":3,"column":0},"end":{"line":3,"column":61}},"3":{"start":{"line":5,"column":0},"end":{"line":5,"column":28}},"4":{"start":{"line":22,"column":15},"end":{"line":77,"column":null}},"5":{"start":{"line":66,"column":44},"end":{"line":69,"column":null}},"6":{"start":{"line":67,"column":21},"end":{"line":67,"column":45}},"7":{"start":{"line":68,"column":8},"end":{"line":68,"column":63}},"8":{"start":{"line":70,"column":46},"end":{"line":75,"column":null}},"9":{"start":{"line":71,"column":8},"end":{"line":74,"column":9}},"10":{"start":{"line":72,"column":23},"end":{"line":72,"column":47}},"11":{"start":{"line":73,"column":10},"end":{"line":73,"column":65}},"12":{"start":{"line":80,"column":0},"end":{"line":80,"column":22}}},"fnMap":{"0":{"name":"(anonymous_8)","decl":{"start":{"line":66,"column":18},"end":{"line":66,"column":25}},"loc":{"start":{"line":66,"column":44},"end":{"line":69,"column":null}}},"1":{"name":"(anonymous_9)","decl":{"start":{"line":66,"column":44},"end":{"line":66,"column":null}},"loc":{"start":{"line":66,"column":44},"end":{"line":69,"column":7}}},"2":{"name":"(anonymous_10)","decl":{"start":{"line":70,"column":20},"end":{"line":70,"column":27}},"loc":{"start":{"line":70,"column":46},"end":{"line":75,"column":null}}},"3":{"name":"(anonymous_11)","decl":{"start":{"line":70,"column":46},"end":{"line":70,"column":null}},"loc":{"start":{"line":70,"column":46},"end":{"line":75,"column":7}}}},"branchMap":{"0":{"loc":{"start":{"line":71,"column":8},"end":{"line":74,"column":9}},"type":"if","locations":[{"start":{"line":71,"column":8},"end":{"line":74,"column":9}}]}},"s":{"0":1,"1":1,"2":1,"3":1,"4":1,"5":0,"6":0,"7":0,"8":0,"9":0,"10":0,"11":0,"12":1},"f":{"0":0,"1":0,"2":0,"3":0},"b":{"0":[0]}}
,"C:\\Users\\pc\\Documents\\github-workshop\\Farm2Global-backend\\src\\models\\order.ts": {"path":"C:\\Users\\pc\\Documents\\github-workshop\\Farm2Global-backend\\src\\models\\order.ts","statementMap":{"0":{"start":{"line":1,"column":33},"end":{"line":1,"column":53}},"1":{"start":{"line":2,"column":0},"end":{"line":2,"column":34}},"2":{"start":{"line":3,"column":0},"end":{"line":3,"column":61}},"3":{"start":{"line":12,"column":14},"end":{"line":27,"column":null}},"4":{"start":{"line":29,"column":0},"end":{"line":29,"column":21}}},"fnMap":{},"branchMap":{},"s":{"0":1,"1":1,"2":1,"3":1,"4":1},"f":{},"b":{}}
,"C:\\Users\\pc\\Documents\\github-workshop\\Farm2Global-backend\\src\\models\\relation.ts": {"path":"C:\\Users\\pc\\Documents\\github-workshop\\Farm2Global-backend\\src\\models\\relation.ts","statementMap":{"0":{"start":{"line":1,"column":0},"end":{"line":1,"column":28}},"1":{"start":{"line":2,"column":0},"end":{"line":2,"column":26}},"2":{"start":{"line":3,"column":0},"end":{"line":3,"column":30}},"3":{"start":{"line":4,"column":0},"end":{"line":4,"column":28}},"4":{"start":{"line":6,"column":0},"end":{"line":6,"column":70}},"5":{"start":{"line":7,"column":0},"end":{"line":7,"column":51}},"6":{"start":{"line":9,"column":0},"end":{"line":9,"column":69}},"7":{"start":{"line":10,"column":0},"end":{"line":10,"column":50}},"8":{"start":{"line":12,"column":0},"end":{"line":12,"column":71}},"9":{"start":{"line":13,"column":0},"end":{"line":13,"column":52}},"10":{"start":{"line":15,"column":0},"end":{"line":15,"column":46}}},"fnMap":{},"branchMap":{},"s":{"0":0,"1":0,"2":0,"3":0,"4":0,"5":0,"6":0,"7":0,"8":0,"9":0,"10":0},"f":{},"b":{}}
,"C:\\Users\\pc\\Documents\\github-workshop\\Farm2Global-backend\\src\\routes\\authRoutes.ts": {"path":"C:\\Users\\pc\\Documents\\github-workshop\\Farm2Global-backend\\src\\routes\\authRoutes.ts","statementMap":{"0":{"start":{"line":1,"column":0},"end":{"line":1,"column":33}},"1":{"start":{"line":2,"column":0},"end":{"line":2,"column":63}},"2":{"start":{"line":3,"column":19},"end":{"line":3,"column":27}},"3":{"start":{"line":4,"column":0},"end":{"line":4,"column":33}},"4":{"start":{"line":5,"column":0},"end":{"line":5,"column":35}},"5":{"start":{"line":6,"column":0},"end":{"line":6,"column":26}}},"fnMap":{},"branchMap":{},"s":{"0":1,"1":1,"2":1,"3":1,"4":1,"5":1},"f":{},"b":{}}
,"C:\\Users\\pc\\Documents\\github-workshop\\Farm2Global-backend\\src\\routes\\cropRoutes.ts": {"path":"C:\\Users\\pc\\Documents\\github-workshop\\Farm2Global-backend\\src\\routes\\cropRoutes.ts","statementMap":{"0":{"start":{"line":1,"column":0},"end":{"line":1,"column":52}},"1":{"start":{"line":2,"column":0},"end":{"line":2,"column":null}},"2":{"start":{"line":11,"column":19},"end":{"line":11,"column":27}},"3":{"start":{"line":12,"column":0},"end":{"line":12,"column":46}},"4":{"start":{"line":13,"column":0},"end":{"line":13,"column":45}},"5":{"start":{"line":14,"column":0},"end":{"line":14,"column":38}},"6":{"start":{"line":15,"column":0},"end":{"line":15,"column":47}},"7":{"start":{"line":16,"column":0},"end":{"line":16,"column":54}},"8":{"start":{"line":17,"column":0},"end":{"line":17,"column":55}},"9":{"start":{"line":18,"column":0},"end":{"line":18,"column":26}}},"fnMap":{},"branchMap":{},"s":{"0":1,"1":1,"2":1,"3":1,"4":1,"5":1,"6":1,"7":1,"8":1,"9":1},"f":{},"b":{}}
,"C:\\Users\\pc\\Documents\\github-workshop\\Farm2Global-backend\\src\\routes\\orderRoutes.ts": {"path":"C:\\Users\\pc\\Documents\\github-workshop\\Farm2Global-backend\\src\\routes\\orderRoutes.ts","statementMap":{"0":{"start":{"line":1,"column":0},"end":{"line":1,"column":52}},"1":{"start":{"line":2,"column":0},"end":{"line":2,"column":null}},"2":{"start":{"line":12,"column":20},"end":{"line":12,"column":28}},"3":{"start":{"line":13,"column":0},"end":{"line":13,"column":48}},"4":{"start":{"line":14,"column":0},"end":{"line":14,"column":48}},"5":{"start":{"line":15,"column":0},"end":{"line":15,"column":41}},"6":{"start":{"line":16,"column":0},"end":{"line":16,"column":50}},"7":{"start":{"line":17,"column":0},"end":{"line":17,"column":57}},"8":{"start":{"line":18,"column":0},"end":{"line":18,"column":57}},"9":{"start":{"line":19,"column":0},"end":{"line":19,"column":27}}},"fnMap":{},"branchMap":{},"s":{"0":1,"1":1,"2":1,"3":1,"4":1,"5":1,"6":1,"7":1,"8":1,"9":1},"f":{},"b":{}}
}
